17:04:28 === REQUEST START ===
17:04:28 POST: {"action":"add","category":"camera_type","label":"wefwef"}
17:04:28 SESSION isAdmin: 1
17:04:28 SESSION username: vidu
17:04:28 Auth passed
17:04:28 header.php output (first 300 chars): <br />
<b>Warning</b>:  include(header.php): Failed to open stream: No such file or directory in <b>C:\xampp\htdocs\FrameWise\components\admin\admin-dashboard.inc.php</b> on line <b>29</b><br />
<br />
<b>Warning</b>:  include(): Failed opening 'header.php' for inclusion (include_path='C:\xampp\php\
17:04:28 header.php included, $conn exists: NO
17:04:28 action=add | category=camera_type | label=wefwef | id=0
17:04:28 table=lookup_options
17:04:28 ADD: value=wefwef
17:05:59 === REQUEST START ===
17:05:59 POST: {"action":"add","category":"camera_type","label":"wdwd"}
17:05:59 SESSION isAdmin: 1
17:05:59 SESSION username: vidu
17:05:59 Auth passed
17:05:59 header.php output (first 300 chars): <br />
<b>Warning</b>:  include(header.php): Failed to open stream: No such file or directory in <b>C:\xampp\htdocs\FrameWise\components\admin\admin-dashboard.inc.php</b> on line <b>31</b><br />
<br />
<b>Warning</b>:  include(): Failed opening 'header.php' for inclusion (include_path='C:\xampp\php\
17:05:59 header.php included, $conn exists: NO
17:05:59 action=add | category=camera_type | label=wdwd | id=0
17:05:59 table=lookup_options
17:05:59 ADD: value=wdwd
17:06:37 === REQUEST START ===
17:06:37 POST: {"action":"add","category":"camera_type","label":"efef"}
17:06:37 SESSION isAdmin: 1
17:06:37 SESSION username: vidu
17:06:37 Auth passed
17:06:37 header.php output (first 300 chars): <br />
<b>Warning</b>:  include(header.php): Failed to open stream: No such file or directory in <b>C:\xampp\htdocs\FrameWise\components\admin\admin-dashboard.inc.php</b> on line <b>31</b><br />
<br />
<b>Warning</b>:  include(): Failed opening 'header.php' for inclusion (include_path='C:\xampp\php\
17:06:37 header.php included, $conn exists: NO
17:06:37 action=add | category=camera_type | label=efef | id=0
17:06:37 table=lookup_options
17:06:37 ADD: value=efef
17:07:03 === REQUEST START ===
17:07:03 POST: {"action":"add","category":"camera_type","label":"wdwd"}
17:07:03 SESSION isAdmin: 1
17:07:03 SESSION username: vidu
17:07:03 Auth passed
17:07:03 header.php output (first 300 chars): <br />
<b>Warning</b>:  include(header.php): Failed to open stream: No such file or directory in <b>C:\xampp\htdocs\FrameWise\components\admin\admin-dashboard.inc.php</b> on line <b>31</b><br />
<br />
<b>Warning</b>:  include(): Failed opening 'header.php' for inclusion (include_path='C:\xampp\php\
17:07:03 header.php included, $conn exists: YES
17:07:03 action=add | category=camera_type | label=wdwd | id=0
17:07:03 table=lookup_options
17:07:03 ADD: value=wdwd
17:07:03 sort_order=5
17:09:45 === REQUEST START ===
17:09:45 POST: {"action":"add","category":"camera_type","label":"wdwd"}
17:09:45 SESSION isAdmin: 1
17:09:45 SESSION username: vidu
17:09:45 Auth passed
17:09:45 header.php output (first 300 chars): <br />
<b>Warning</b>:  include(header.php): Failed to open stream: No such file or directory in <b>C:\xampp\htdocs\FrameWise\components\admin\admin-dashboard.inc.php</b> on line <b>31</b><br />
<br />
<b>Warning</b>:  include(): Failed opening 'header.php' for inclusion (include_path='C:\xampp\php\
17:09:45 header.php included, $conn exists: YES
17:09:45 action=add | category=camera_type | label=wdwd | id=0
17:09:45 table=lookup_options
17:09:45 ADD: value=wdwd
17:09:45 sort_order=5
17:10:37 === REQUEST START ===
17:10:37 POST: {"action":"add","category":"camera_type","label":"wdwd"}
17:10:37 SESSION isAdmin: 1
17:10:37 SESSION username: vidu
17:10:37 Auth passed
17:10:37 header.php output (first 300 chars): <br />
<b>Warning</b>:  include(header.php): Failed to open stream: No such file or directory in <b>C:\xampp\htdocs\FrameWise\components\admin\admin-dashboard.inc.php</b> on line <b>31</b><br />
<br />
<b>Warning</b>:  include(): Failed opening 'header.php' for inclusion (include_path='C:\xampp\php\
17:10:37 header.php included, $conn exists: YES
17:10:37 action=add | category=camera_type | label=wdwd | id=0
17:10:37 table=lookup_options
17:10:37 ADD: value=wdwd
17:10:37 sort_order=5
17:10:37 INSERT success, new id=26
17:10:41 === REQUEST START ===
17:10:41 POST: {"action":"delete","category":"camera_type","id":"26"}
17:10:41 SESSION isAdmin: 1
17:10:41 SESSION username: vidu
17:10:41 Auth passed
17:10:41 header.php output (first 300 chars): <br />
<b>Warning</b>:  include(header.php): Failed to open stream: No such file or directory in <b>C:\xampp\htdocs\FrameWise\components\admin\admin-dashboard.inc.php</b> on line <b>31</b><br />
<br />
<b>Warning</b>:  include(): Failed opening 'header.php' for inclusion (include_path='C:\xampp\php\
17:10:41 header.php included, $conn exists: YES
17:10:41 action=delete | category=camera_type | label= | id=26
17:10:41 table=lookup_options
17:10:41 DELETE success
17:10:44 === REQUEST START ===
17:10:44 POST: {"action":"add","category":"camera_type","label":"dwd"}
17:10:44 SESSION isAdmin: 1
17:10:44 SESSION username: vidu
17:10:44 Auth passed
17:10:44 header.php output (first 300 chars): <br />
<b>Warning</b>:  include(header.php): Failed to open stream: No such file or directory in <b>C:\xampp\htdocs\FrameWise\components\admin\admin-dashboard.inc.php</b> on line <b>31</b><br />
<br />
<b>Warning</b>:  include(): Failed opening 'header.php' for inclusion (include_path='C:\xampp\php\
17:10:44 header.php included, $conn exists: YES
17:10:44 action=add | category=camera_type | label=dwd | id=0
17:10:44 table=lookup_options
17:10:44 ADD: value=dwd
17:10:44 sort_order=5
17:10:44 INSERT success, new id=27
17:10:48 === REQUEST START ===
17:10:48 POST: {"action":"add","category":"experience","label":"wdwd"}
17:10:48 SESSION isAdmin: 1
17:10:48 SESSION username: vidu
17:10:48 Auth passed
17:10:48 header.php output (first 300 chars): <br />
<b>Warning</b>:  include(header.php): Failed to open stream: No such file or directory in <b>C:\xampp\htdocs\FrameWise\components\admin\admin-dashboard.inc.php</b> on line <b>31</b><br />
<br />
<b>Warning</b>:  include(): Failed opening 'header.php' for inclusion (include_path='C:\xampp\php\
17:10:48 header.php included, $conn exists: YES
17:10:48 action=add | category=experience | label=wdwd | id=0
17:10:48 table=lookup_options
17:10:48 ADD: value=wdwd
17:10:48 sort_order=4
17:10:48 INSERT success, new id=28
17:12:23 === REQUEST START ===
17:12:23 POST: {"action":"add","category":"orientation","label":"ergerg"}
17:12:23 SESSION isAdmin: 1
17:12:23 SESSION username: vidu
17:12:23 Auth passed
17:12:23 header.php output (first 300 chars): <br />
<b>Warning</b>:  include(header.php): Failed to open stream: No such file or directory in <b>C:\xampp\htdocs\FrameWise\components\admin\admin-dashboard.inc.php</b> on line <b>31</b><br />
<br />
<b>Warning</b>:  include(): Failed opening 'header.php' for inclusion (include_path='C:\xampp\php\
17:12:23 header.php included, $conn exists: YES
17:12:23 action=add | category=orientation | label=ergerg | id=0
17:12:23 table=lookup_options
17:12:23 ADD: value=ergerg
17:12:23 sort_order=4
17:12:23 INSERT success, new id=29
17:12:24 === REQUEST START ===
17:12:24 POST: {"action":"delete","category":"orientation","id":"29"}
17:12:24 SESSION isAdmin: 1
17:12:24 SESSION username: vidu
17:12:24 Auth passed
17:12:24 header.php output (first 300 chars): <br />
<b>Warning</b>:  include(header.php): Failed to open stream: No such file or directory in <b>C:\xampp\htdocs\FrameWise\components\admin\admin-dashboard.inc.php</b> on line <b>31</b><br />
<br />
<b>Warning</b>:  include(): Failed opening 'header.php' for inclusion (include_path='C:\xampp\php\
17:12:24 header.php included, $conn exists: YES
17:12:24 action=delete | category=orientation | label= | id=29
17:12:24 table=lookup_options
17:12:25 DELETE success
17:12:29 === REQUEST START ===
17:12:29 POST: {"action":"delete","category":"experience","id":"28"}
17:12:29 SESSION isAdmin: 1
17:12:29 SESSION username: vidu
17:12:29 Auth passed
17:12:29 header.php output (first 300 chars): <br />
<b>Warning</b>:  include(header.php): Failed to open stream: No such file or directory in <b>C:\xampp\htdocs\FrameWise\components\admin\admin-dashboard.inc.php</b> on line <b>31</b><br />
<br />
<b>Warning</b>:  include(): Failed opening 'header.php' for inclusion (include_path='C:\xampp\php\
17:12:29 header.php included, $conn exists: YES
17:12:29 action=delete | category=experience | label= | id=28
17:12:29 table=lookup_options
17:12:29 DELETE success
17:12:34 === REQUEST START ===
17:12:34 POST: {"action":"delete","category":"camera_type","id":"27"}
17:12:34 SESSION isAdmin: 1
17:12:34 SESSION username: vidu
17:12:34 Auth passed
17:12:34 header.php output (first 300 chars): <br />
<b>Warning</b>:  include(header.php): Failed to open stream: No such file or directory in <b>C:\xampp\htdocs\FrameWise\components\admin\admin-dashboard.inc.php</b> on line <b>31</b><br />
<br />
<b>Warning</b>:  include(): Failed opening 'header.php' for inclusion (include_path='C:\xampp\php\
17:12:34 header.php included, $conn exists: YES
17:12:34 action=delete | category=camera_type | label= | id=27
17:12:34 table=lookup_options
17:12:34 DELETE success
